15:01:03.684 INFO  [main][SpringBootTestContextBootstrapper] Neither @ContextConfiguration nor @ContextHierarchy found for test class [org.moshiour.KafkaSpringApplicationTests], using SpringBootContextLoader
15:01:03.695 INFO  [main][AbstractContextLoader] Could not detect default resource locations for test class [org.moshiour.KafkaSpringApplicationTests]: no resource found for suffixes {-context.xml, Context.groovy}.
15:01:03.697 INFO  [main][AnnotationConfigContextLoaderUtils] Could not detect default configuration classes for test class [org.moshiour.KafkaSpringApplicationTests]: KafkaSpringApplicationTests does not declare any static, non-private, non-final, nested classes annotated with @Configuration.
15:01:03.854 INFO  [main][SpringBootTestContextBootstrapper] Found @SpringBootConfiguration org.moshiour.KafkaSpringApplication for test class org.moshiour.KafkaSpringApplicationTests
15:01:03.866 INFO  [main][SpringBootTestContextBootstrapper] Loaded default TestExecutionListener class names from location [META-INF/spring.factories]: [org.springframework.boot.test.mock.mockito.MockitoTestExecutionListener, org.springframework.boot.test.mock.mockito.ResetMocksTestExecutionListener, org.springframework.boot.test.autoconfigure.restdocs.RestDocsTestExecutionListener, org.springframework.boot.test.autoconfigure.web.client.MockRestServiceServerResetTestExecutionListener, org.springframework.boot.test.autoconfigure.web.servlet.MockMvcPrintOnlyOnFailureTestExecutionListener, org.springframework.boot.test.autoconfigure.web.servlet.WebDriverTestExecutionListener, org.springframework.test.context.web.ServletTestExecutionListener, org.springframework.test.context.support.DirtiesContextBeforeModesTestExecutionListener, org.springframework.test.context.support.DependencyInjectionTestExecutionListener, org.springframework.test.context.support.DirtiesContextTestExecutionListener, org.springframework.test.context.transaction.TransactionalTestExecutionListener, org.springframework.test.context.jdbc.SqlScriptsTestExecutionListener]
15:01:03.892 INFO  [main][SpringBootTestContextBootstrapper] Could not instantiate TestExecutionListener [org.springframework.test.context.web.ServletTestExecutionListener]. Specify custom listener classes or make the default listener classes (and their required dependencies) available. Offending class: [javax/servlet/ServletContext]
15:01:03.900 INFO  [main][SpringBootTestContextBootstrapper] Could not instantiate TestExecutionListener [org.springframework.test.context.jdbc.SqlScriptsTestExecutionListener]. Specify custom listener classes or make the default listener classes (and their required dependencies) available. Offending class: [org/springframework/transaction/interceptor/TransactionAttribute]
15:01:03.901 INFO  [main][SpringBootTestContextBootstrapper] Could not instantiate TestExecutionListener [org.springframework.test.context.transaction.TransactionalTestExecutionListener]. Specify custom listener classes or make the default listener classes (and their required dependencies) available. Offending class: [org/springframework/transaction/interceptor/TransactionAttributeSource]
15:01:03.903 INFO  [main][SpringBootTestContextBootstrapper] Using TestExecutionListeners: [org.springframework.test.context.support.DirtiesContextBeforeModesTestExecutionListener@71c8becc, org.springframework.boot.test.autoconfigure.SpringBootDependencyInjectionTestExecutionListener@19d37183, org.springframework.test.context.support.DirtiesContextTestExecutionListener@1a0dcaa, org.springframework.boot.test.autoconfigure.web.servlet.MockMvcPrintOnlyOnFailureTestExecutionListener@3bd40a57, org.springframework.boot.test.mock.mockito.MockitoTestExecutionListener@fdefd3f, org.springframework.boot.test.mock.mockito.ResetMocksTestExecutionListener@d83da2e, org.springframework.boot.test.autoconfigure.restdocs.RestDocsTestExecutionListener@a4102b8, org.springframework.boot.test.autoconfigure.web.client.MockRestServiceServerResetTestExecutionListener@11dc3715, org.springframework.boot.test.autoconfigure.web.servlet.WebDriverTestExecutionListener@69930714]
15:01:03.915 INFO  [main][SpringBootTestContextBootstrapper] Neither @ContextConfiguration nor @ContextHierarchy found for test class [org.moshiour.KafkaSpringApplicationTests], using SpringBootContextLoader
15:01:03.916 INFO  [main][AbstractContextLoader] Could not detect default resource locations for test class [org.moshiour.KafkaSpringApplicationTests]: no resource found for suffixes {-context.xml, Context.groovy}.
15:01:03.916 INFO  [main][AnnotationConfigContextLoaderUtils] Could not detect default configuration classes for test class [org.moshiour.KafkaSpringApplicationTests]: KafkaSpringApplicationTests does not declare any static, non-private, non-final, nested classes annotated with @Configuration.
15:01:03.938 INFO  [main][SpringBootTestContextBootstrapper] Found @SpringBootConfiguration org.moshiour.KafkaSpringApplication for test class org.moshiour.KafkaSpringApplicationTests
15:01:03.953 INFO  [main][SpringBootTestContextBootstrapper] Loaded default TestExecutionListener class names from location [META-INF/spring.factories]: [org.springframework.boot.test.mock.mockito.MockitoTestExecutionListener, org.springframework.boot.test.mock.mockito.ResetMocksTestExecutionListener, org.springframework.boot.test.autoconfigure.restdocs.RestDocsTestExecutionListener, org.springframework.boot.test.autoconfigure.web.client.MockRestServiceServerResetTestExecutionListener, org.springframework.boot.test.autoconfigure.web.servlet.MockMvcPrintOnlyOnFailureTestExecutionListener, org.springframework.boot.test.autoconfigure.web.servlet.WebDriverTestExecutionListener, org.springframework.test.context.web.ServletTestExecutionListener, org.springframework.test.context.support.DirtiesContextBeforeModesTestExecutionListener, org.springframework.test.context.support.DependencyInjectionTestExecutionListener, org.springframework.test.context.support.DirtiesContextTestExecutionListener, org.springframework.test.context.transaction.TransactionalTestExecutionListener, org.springframework.test.context.jdbc.SqlScriptsTestExecutionListener]
15:01:03.959 INFO  [main][SpringBootTestContextBootstrapper] Could not instantiate TestExecutionListener [org.springframework.test.context.web.ServletTestExecutionListener]. Specify custom listener classes or make the default listener classes (and their required dependencies) available. Offending class: [javax/servlet/ServletContext]
15:01:03.961 INFO  [main][SpringBootTestContextBootstrapper] Could not instantiate TestExecutionListener [org.springframework.test.context.jdbc.SqlScriptsTestExecutionListener]. Specify custom listener classes or make the default listener classes (and their required dependencies) available. Offending class: [org/springframework/transaction/interceptor/TransactionAttribute]
15:01:03.962 INFO  [main][SpringBootTestContextBootstrapper] Could not instantiate TestExecutionListener [org.springframework.test.context.transaction.TransactionalTestExecutionListener]. Specify custom listener classes or make the default listener classes (and their required dependencies) available. Offending class: [org/springframework/transaction/interceptor/TransactionAttributeSource]
15:01:03.963 INFO  [main][SpringBootTestContextBootstrapper] Using TestExecutionListeners: [org.springframework.test.context.support.DirtiesContextBeforeModesTestExecutionListener@65d6b83b, org.springframework.boot.test.autoconfigure.SpringBootDependencyInjectionTestExecutionListener@d706f19, org.springframework.test.context.support.DirtiesContextTestExecutionListener@30b7c004, org.springframework.boot.test.autoconfigure.web.servlet.MockMvcPrintOnlyOnFailureTestExecutionListener@79efed2d, org.springframework.boot.test.mock.mockito.MockitoTestExecutionListener@2928854b, org.springframework.boot.test.mock.mockito.ResetMocksTestExecutionListener@27ae2fd0, org.springframework.boot.test.autoconfigure.restdocs.RestDocsTestExecutionListener@29176cc1, org.springframework.boot.test.autoconfigure.web.client.MockRestServiceServerResetTestExecutionListener@2f177a4b, org.springframework.boot.test.autoconfigure.web.servlet.WebDriverTestExecutionListener@4278a03f]
15:01:04.534 INFO  [main][AnnotationConfigApplicationContext] Refreshing org.springframework.context.annotation.AnnotationConfigApplicationContext@2abf4075: startup date [Sat Jan 28 15:01:04 BDT 2017]; root of context hierarchy
15:01:05.389 INFO  [main][PostProcessorRegistrationDelegate$BeanPostProcessorChecker] Bean 'org.springframework.kafka.annotation.KafkaBootstrapConfiguration' of type [class org.springframework.kafka.annotation.KafkaBootstrapConfiguration$$EnhancerBySpringCGLIB$$db86e906] is not eligible for getting processed by all BeanPostProcessors (for example: not eligible for auto-proxying)
15:01:05.716 INFO  [main][DefaultLifecycleProcessor] Starting beans in phase 0
15:01:11.152 ERROR [main][LoggingProducerListener] Exception thrown when sending a message with key='null' and payload='Hello Spring Kafka!' to topic helloworld.t:
org.apache.kafka.common.errors.TimeoutException: Failed to update metadata after 5000 ms.
15:01:11.156 ERROR [main][Sender] unable to send message='Hello Spring Kafka!'
org.springframework.kafka.core.KafkaProducerException: Failed to send; nested exception is org.apache.kafka.common.errors.TimeoutException: Failed to update metadata after 5000 ms.
	at org.springframework.kafka.core.KafkaTemplate$1.onCompletion(KafkaTemplate.java:226)
	at org.apache.kafka.clients.producer.KafkaProducer.doSend(KafkaProducer.java:479)
	at org.apache.kafka.clients.producer.KafkaProducer.send(KafkaProducer.java:430)
	at org.springframework.kafka.core.DefaultKafkaProducerFactory$CloseSafeProducer.send(DefaultKafkaProducerFactory.java:156)
	at org.springframework.kafka.core.KafkaTemplate.doSend(KafkaTemplate.java:213)
	at org.springframework.kafka.core.KafkaTemplate.send(KafkaTemplate.java:153)
	at org.moshiour.producer.Sender.sendMessage(Sender.java:28)
	at org.moshiour.KafkaSpringApplicationTests.testReceiver(KafkaSpringApplicationTests.java:32)
	at sun.reflect.NativeMethodAccessorImpl.invoke0(Native Method)
	at sun.reflect.NativeMethodAccessorImpl.invoke(NativeMethodAccessorImpl.java:62)
	at sun.reflect.DelegatingMethodAccessorImpl.invoke(DelegatingMethodAccessorImpl.java:43)
	at java.lang.reflect.Method.invoke(Method.java:498)
	at org.junit.runners.model.FrameworkMethod$1.runReflectiveCall(FrameworkMethod.java:50)
	at org.junit.internal.runners.model.ReflectiveCallable.run(ReflectiveCallable.java:12)
	at org.junit.runners.model.FrameworkMethod.invokeExplosively(FrameworkMethod.java:47)
	at org.junit.internal.runners.statements.InvokeMethod.evaluate(InvokeMethod.java:17)
	at org.springframework.test.context.junit4.statements.RunBeforeTestMethodCallbacks.evaluate(RunBeforeTestMethodCallbacks.java:75)
	at org.springframework.test.context.junit4.statements.RunAfterTestMethodCallbacks.evaluate(RunAfterTestMethodCallbacks.java:86)
	at org.springframework.test.context.junit4.statements.SpringRepeat.evaluate(SpringRepeat.java:84)
	at org.junit.runners.ParentRunner.runLeaf(ParentRunner.java:325)
	at org.springframework.test.context.junit4.SpringJUnit4ClassRunner.runChild(SpringJUnit4ClassRunner.java:252)
	at org.springframework.test.context.junit4.SpringJUnit4ClassRunner.runChild(SpringJUnit4ClassRunner.java:94)
	at org.junit.runners.ParentRunner$3.run(ParentRunner.java:290)
	at org.junit.runners.ParentRunner$1.schedule(ParentRunner.java:71)
	at org.junit.runners.ParentRunner.runChildren(ParentRunner.java:288)
	at org.junit.runners.ParentRunner.access$000(ParentRunner.java:58)
	at org.junit.runners.ParentRunner$2.evaluate(ParentRunner.java:268)
	at org.springframework.test.context.junit4.statements.RunBeforeTestClassCallbacks.evaluate(RunBeforeTestClassCallbacks.java:61)
	at org.springframework.test.context.junit4.statements.RunAfterTestClassCallbacks.evaluate(RunAfterTestClassCallbacks.java:70)
	at org.junit.runners.ParentRunner.run(ParentRunner.java:363)
	at org.springframework.test.context.junit4.SpringJUnit4ClassRunner.run(SpringJUnit4ClassRunner.java:191)
	at org.apache.maven.surefire.junit4.JUnit4Provider.execute(JUnit4Provider.java:283)
	at org.apache.maven.surefire.junit4.JUnit4Provider.executeWithRerun(JUnit4Provider.java:173)
	at org.apache.maven.surefire.junit4.JUnit4Provider.executeTestSet(JUnit4Provider.java:153)
	at org.apache.maven.surefire.junit4.JUnit4Provider.invoke(JUnit4Provider.java:128)
	at org.apache.maven.surefire.booter.ForkedBooter.invokeProviderInSameClassLoader(ForkedBooter.java:203)
	at org.apache.maven.surefire.booter.ForkedBooter.runSuitesInProcess(ForkedBooter.java:155)
	at org.apache.maven.surefire.booter.ForkedBooter.main(ForkedBooter.java:103)
Caused by: org.apache.kafka.common.errors.TimeoutException: Failed to update metadata after 5000 ms.
15:01:21.368 INFO  [Thread-1][AnnotationConfigApplicationContext] Closing org.springframework.context.annotation.AnnotationConfigApplicationContext@2abf4075: startup date [Sat Jan 28 15:01:04 BDT 2017]; root of context hierarchy
15:01:21.371 INFO  [Thread-1][DefaultLifecycleProcessor] Stopping beans in phase 0
15:01:21.377 INFO  [org.springframework.kafka.KafkaListenerEndpointContainer#0-0-kafka-consumer-1][KafkaMessageListenerContainer$ListenerConsumer] Consumer stopped
15:04:23.844 INFO  [main][AnnotationConfigApplicationContext] Refreshing org.springframework.context.annotation.AnnotationConfigApplicationContext@4f9a3314: startup date [Sat Jan 28 15:04:23 BDT 2017]; root of context hierarchy
15:04:25.856 INFO  [main][PostProcessorRegistrationDelegate$BeanPostProcessorChecker] Bean 'org.springframework.kafka.annotation.KafkaBootstrapConfiguration' of type [class org.springframework.kafka.annotation.KafkaBootstrapConfiguration$$EnhancerBySpringCGLIB$$99773589] is not eligible for getting processed by all BeanPostProcessors (for example: not eligible for auto-proxying)
15:04:26.375 INFO  [main][AnnotationMBeanExporter] Registering beans for JMX exposure on startup
15:04:26.384 INFO  [main][DefaultLifecycleProcessor] Starting beans in phase 0
15:05:06.780 WARN  [org.springframework.kafka.KafkaListenerEndpointContainer#0-0-kafka-consumer-1][NetworkClient] Bootstrap broker localhost:9092 disconnected
15:05:46.962 WARN  [org.springframework.kafka.KafkaListenerEndpointContainer#0-0-kafka-consumer-1][NetworkClient] Bootstrap broker localhost:9092 disconnected
15:06:27.125 WARN  [org.springframework.kafka.KafkaListenerEndpointContainer#0-0-kafka-consumer-1][NetworkClient] Bootstrap broker localhost:9092 disconnected
15:07:07.284 WARN  [org.springframework.kafka.KafkaListenerEndpointContainer#0-0-kafka-consumer-1][NetworkClient] Bootstrap broker localhost:9092 disconnected
15:07:47.442 WARN  [org.springframework.kafka.KafkaListenerEndpointContainer#0-0-kafka-consumer-1][NetworkClient] Bootstrap broker localhost:9092 disconnected
15:08:27.558 WARN  [org.springframework.kafka.KafkaListenerEndpointContainer#0-0-kafka-consumer-1][NetworkClient] Bootstrap broker localhost:9092 disconnected
15:09:07.720 WARN  [org.springframework.kafka.KafkaListenerEndpointContainer#0-0-kafka-consumer-1][NetworkClient] Bootstrap broker localhost:9092 disconnected
15:09:47.878 WARN  [org.springframework.kafka.KafkaListenerEndpointContainer#0-0-kafka-consumer-1][NetworkClient] Bootstrap broker localhost:9092 disconnected
15:10:28.034 WARN  [org.springframework.kafka.KafkaListenerEndpointContainer#0-0-kafka-consumer-1][NetworkClient] Bootstrap broker localhost:9092 disconnected
15:11:08.177 WARN  [org.springframework.kafka.KafkaListenerEndpointContainer#0-0-kafka-consumer-1][NetworkClient] Bootstrap broker localhost:9092 disconnected
15:11:48.338 WARN  [org.springframework.kafka.KafkaListenerEndpointContainer#0-0-kafka-consumer-1][NetworkClient] Bootstrap broker localhost:9092 disconnected
15:12:28.504 WARN  [org.springframework.kafka.KafkaListenerEndpointContainer#0-0-kafka-consumer-1][NetworkClient] Bootstrap broker localhost:9092 disconnected
15:13:08.649 WARN  [org.springframework.kafka.KafkaListenerEndpointContainer#0-0-kafka-consumer-1][NetworkClient] Bootstrap broker localhost:9092 disconnected
15:13:48.818 WARN  [org.springframework.kafka.KafkaListenerEndpointContainer#0-0-kafka-consumer-1][NetworkClient] Bootstrap broker localhost:9092 disconnected
15:14:28.998 WARN  [org.springframework.kafka.KafkaListenerEndpointContainer#0-0-kafka-consumer-1][NetworkClient] Bootstrap broker localhost:9092 disconnected
15:15:09.165 WARN  [org.springframework.kafka.KafkaListenerEndpointContainer#0-0-kafka-consumer-1][NetworkClient] Bootstrap broker localhost:9092 disconnected
15:15:49.328 WARN  [org.springframework.kafka.KafkaListenerEndpointContainer#0-0-kafka-consumer-1][NetworkClient] Bootstrap broker localhost:9092 disconnected
15:16:29.473 WARN  [org.springframework.kafka.KafkaListenerEndpointContainer#0-0-kafka-consumer-1][NetworkClient] Bootstrap broker localhost:9092 disconnected
15:17:09.646 WARN  [org.springframework.kafka.KafkaListenerEndpointContainer#0-0-kafka-consumer-1][NetworkClient] Bootstrap broker localhost:9092 disconnected
15:17:49.794 WARN  [org.springframework.kafka.KafkaListenerEndpointContainer#0-0-kafka-consumer-1][NetworkClient] Bootstrap broker localhost:9092 disconnected
15:18:29.968 WARN  [org.springframework.kafka.KafkaListenerEndpointContainer#0-0-kafka-consumer-1][NetworkClient] Bootstrap broker localhost:9092 disconnected
15:19:10.125 WARN  [org.springframework.kafka.KafkaListenerEndpointContainer#0-0-kafka-consumer-1][NetworkClient] Bootstrap broker localhost:9092 disconnected
15:19:50.278 WARN  [org.springframework.kafka.KafkaListenerEndpointContainer#0-0-kafka-consumer-1][NetworkClient] Bootstrap broker localhost:9092 disconnected
15:20:30.412 WARN  [org.springframework.kafka.KafkaListenerEndpointContainer#0-0-kafka-consumer-1][NetworkClient] Bootstrap broker localhost:9092 disconnected
15:21:10.563 WARN  [org.springframework.kafka.KafkaListenerEndpointContainer#0-0-kafka-consumer-1][NetworkClient] Bootstrap broker localhost:9092 disconnected
15:21:50.705 WARN  [org.springframework.kafka.KafkaListenerEndpointContainer#0-0-kafka-consumer-1][NetworkClient] Bootstrap broker localhost:9092 disconnected
15:22:30.850 WARN  [org.springframework.kafka.KafkaListenerEndpointContainer#0-0-kafka-consumer-1][NetworkClient] Bootstrap broker localhost:9092 disconnected
15:23:10.988 WARN  [org.springframework.kafka.KafkaListenerEndpointContainer#0-0-kafka-consumer-1][NetworkClient] Bootstrap broker localhost:9092 disconnected
15:23:51.141 WARN  [org.springframework.kafka.KafkaListenerEndpointContainer#0-0-kafka-consumer-1][NetworkClient] Bootstrap broker localhost:9092 disconnected
15:24:31.277 WARN  [org.springframework.kafka.KafkaListenerEndpointContainer#0-0-kafka-consumer-1][NetworkClient] Bootstrap broker localhost:9092 disconnected
15:25:11.420 WARN  [org.springframework.kafka.KafkaListenerEndpointContainer#0-0-kafka-consumer-1][NetworkClient] Bootstrap broker localhost:9092 disconnected
15:25:51.585 WARN  [org.springframework.kafka.KafkaListenerEndpointContainer#0-0-kafka-consumer-1][NetworkClient] Bootstrap broker localhost:9092 disconnected
15:26:31.742 WARN  [org.springframework.kafka.KafkaListenerEndpointContainer#0-0-kafka-consumer-1][NetworkClient] Bootstrap broker localhost:9092 disconnected
15:27:11.914 WARN  [org.springframework.kafka.KafkaListenerEndpointContainer#0-0-kafka-consumer-1][NetworkClient] Bootstrap broker localhost:9092 disconnected
15:27:52.053 WARN  [org.springframework.kafka.KafkaListenerEndpointContainer#0-0-kafka-consumer-1][NetworkClient] Bootstrap broker localhost:9092 disconnected
15:28:32.191 WARN  [org.springframework.kafka.KafkaListenerEndpointContainer#0-0-kafka-consumer-1][NetworkClient] Bootstrap broker localhost:9092 disconnected
15:29:12.328 WARN  [org.springframework.kafka.KafkaListenerEndpointContainer#0-0-kafka-consumer-1][NetworkClient] Bootstrap broker localhost:9092 disconnected
15:29:52.465 WARN  [org.springframework.kafka.KafkaListenerEndpointContainer#0-0-kafka-consumer-1][NetworkClient] Bootstrap broker localhost:9092 disconnected
15:30:32.610 WARN  [org.springframework.kafka.KafkaListenerEndpointContainer#0-0-kafka-consumer-1][NetworkClient] Bootstrap broker localhost:9092 disconnected
15:31:12.755 WARN  [org.springframework.kafka.KafkaListenerEndpointContainer#0-0-kafka-consumer-1][NetworkClient] Bootstrap broker localhost:9092 disconnected
15:31:52.916 WARN  [org.springframework.kafka.KafkaListenerEndpointContainer#0-0-kafka-consumer-1][NetworkClient] Bootstrap broker localhost:9092 disconnected
15:32:33.076 WARN  [org.springframework.kafka.KafkaListenerEndpointContainer#0-0-kafka-consumer-1][NetworkClient] Bootstrap broker localhost:9092 disconnected
15:33:13.215 WARN  [org.springframework.kafka.KafkaListenerEndpointContainer#0-0-kafka-consumer-1][NetworkClient] Bootstrap broker localhost:9092 disconnected
15:33:53.377 WARN  [org.springframework.kafka.KafkaListenerEndpointContainer#0-0-kafka-consumer-1][NetworkClient] Bootstrap broker localhost:9092 disconnected
15:34:33.539 WARN  [org.springframework.kafka.KafkaListenerEndpointContainer#0-0-kafka-consumer-1][NetworkClient] Bootstrap broker localhost:9092 disconnected
15:35:13.676 WARN  [org.springframework.kafka.KafkaListenerEndpointContainer#0-0-kafka-consumer-1][NetworkClient] Bootstrap broker localhost:9092 disconnected
15:35:53.826 WARN  [org.springframework.kafka.KafkaListenerEndpointContainer#0-0-kafka-consumer-1][NetworkClient] Bootstrap broker localhost:9092 disconnected
15:36:33.979 WARN  [org.springframework.kafka.KafkaListenerEndpointContainer#0-0-kafka-consumer-1][NetworkClient] Bootstrap broker localhost:9092 disconnected
15:37:14.086 WARN  [org.springframework.kafka.KafkaListenerEndpointContainer#0-0-kafka-consumer-1][NetworkClient] Bootstrap broker localhost:9092 disconnected
15:37:54.207 WARN  [org.springframework.kafka.KafkaListenerEndpointContainer#0-0-kafka-consumer-1][NetworkClient] Bootstrap broker localhost:9092 disconnected
15:38:34.398 WARN  [org.springframework.kafka.KafkaListenerEndpointContainer#0-0-kafka-consumer-1][NetworkClient] Bootstrap broker localhost:9092 disconnected
15:39:14.511 WARN  [org.springframework.kafka.KafkaListenerEndpointContainer#0-0-kafka-consumer-1][NetworkClient] Bootstrap broker localhost:9092 disconnected
15:39:54.686 WARN  [org.springframework.kafka.KafkaListenerEndpointContainer#0-0-kafka-consumer-1][NetworkClient] Bootstrap broker localhost:9092 disconnected
15:40:34.851 WARN  [org.springframework.kafka.KafkaListenerEndpointContainer#0-0-kafka-consumer-1][NetworkClient] Bootstrap broker localhost:9092 disconnected
15:41:15.013 WARN  [org.springframework.kafka.KafkaListenerEndpointContainer#0-0-kafka-consumer-1][NetworkClient] Bootstrap broker localhost:9092 disconnected
15:41:55.180 WARN  [org.springframework.kafka.KafkaListenerEndpointContainer#0-0-kafka-consumer-1][NetworkClient] Bootstrap broker localhost:9092 disconnected
15:42:35.345 WARN  [org.springframework.kafka.KafkaListenerEndpointContainer#0-0-kafka-consumer-1][NetworkClient] Bootstrap broker localhost:9092 disconnected
15:43:15.507 WARN  [org.springframework.kafka.KafkaListenerEndpointContainer#0-0-kafka-consumer-1][NetworkClient] Bootstrap broker localhost:9092 disconnected
15:43:55.619 WARN  [org.springframework.kafka.KafkaListenerEndpointContainer#0-0-kafka-consumer-1][NetworkClient] Bootstrap broker localhost:9092 disconnected
15:44:35.783 WARN  [org.springframework.kafka.KafkaListenerEndpointContainer#0-0-kafka-consumer-1][NetworkClient] Bootstrap broker localhost:9092 disconnected
15:45:15.897 WARN  [org.springframework.kafka.KafkaListenerEndpointContainer#0-0-kafka-consumer-1][NetworkClient] Bootstrap broker localhost:9092 disconnected
15:45:56.074 WARN  [org.springframework.kafka.KafkaListenerEndpointContainer#0-0-kafka-consumer-1][NetworkClient] Bootstrap broker localhost:9092 disconnected
15:46:36.239 WARN  [org.springframework.kafka.KafkaListenerEndpointContainer#0-0-kafka-consumer-1][NetworkClient] Bootstrap broker localhost:9092 disconnected
15:46:46.627 INFO  [main][AnnotationConfigApplicationContext] Refreshing org.springframework.context.annotation.AnnotationConfigApplicationContext@4f9a3314: startup date [Sat Jan 28 15:46:46 BDT 2017]; root of context hierarchy
15:46:48.336 INFO  [main][PostProcessorRegistrationDelegate$BeanPostProcessorChecker] Bean 'org.springframework.kafka.annotation.KafkaBootstrapConfiguration' of type [class org.springframework.kafka.annotation.KafkaBootstrapConfiguration$$EnhancerBySpringCGLIB$$70a98b43] is not eligible for getting processed by all BeanPostProcessors (for example: not eligible for auto-proxying)
15:46:49.187 INFO  [main][AnnotationMBeanExporter] Registering beans for JMX exposure on startup
15:46:49.195 INFO  [main][DefaultLifecycleProcessor] Starting beans in phase 0
15:46:54.609 ERROR [main][LoggingProducerListener] Exception thrown when sending a message with key='null' and payload='moshiur sends greeting' to topic helloworld.t:
org.apache.kafka.common.errors.TimeoutException: Failed to update metadata after 5000 ms.
15:46:54.612 ERROR [main][Sender] unable to send message='moshiur sends greeting'
org.springframework.kafka.core.KafkaProducerException: Failed to send; nested exception is org.apache.kafka.common.errors.TimeoutException: Failed to update metadata after 5000 ms.
	at org.springframework.kafka.core.KafkaTemplate$1.onCompletion(KafkaTemplate.java:226)
	at org.apache.kafka.clients.producer.KafkaProducer.doSend(KafkaProducer.java:479)
	at org.apache.kafka.clients.producer.KafkaProducer.send(KafkaProducer.java:430)
	at org.springframework.kafka.core.DefaultKafkaProducerFactory$CloseSafeProducer.send(DefaultKafkaProducerFactory.java:156)
	at org.springframework.kafka.core.KafkaTemplate.doSend(KafkaTemplate.java:213)
	at org.springframework.kafka.core.KafkaTemplate.send(KafkaTemplate.java:153)
	at org.moshiour.producer.Sender.sendMessage(Sender.java:29)
	at org.moshiour.AllicationLoader.run(AllicationLoader.java:24)
	at org.springframework.boot.SpringApplication.callRunner(SpringApplication.java:801)
	at org.springframework.boot.SpringApplication.callRunners(SpringApplication.java:785)
	at org.springframework.boot.SpringApplication.afterRefresh(SpringApplication.java:772)
	at org.springframework.boot.SpringApplication.run(SpringApplication.java:317)
	at org.springframework.boot.SpringApplication.run(SpringApplication.java:1187)
	at org.springframework.boot.SpringApplication.run(SpringApplication.java:1176)
	at org.moshiour.KafkaSpringApplication.main(KafkaSpringApplication.java:14)
	at sun.reflect.NativeMethodAccessorImpl.invoke0(Native Method)
	at sun.reflect.NativeMethodAccessorImpl.invoke(NativeMethodAccessorImpl.java:62)
	at sun.reflect.DelegatingMethodAccessorImpl.invoke(DelegatingMethodAccessorImpl.java:43)
	at java.lang.reflect.Method.invoke(Method.java:498)
	at com.intellij.rt.execution.application.AppMain.main(AppMain.java:147)
Caused by: org.apache.kafka.common.errors.TimeoutException: Failed to update metadata after 5000 ms.
15:46:59.618 ERROR [main][LoggingProducerListener] Exception thrown when sending a message with key='null' and payload='moshiour again says hello' to topic helloworld.t:
org.apache.kafka.common.errors.TimeoutException: Failed to update metadata after 5000 ms.
15:46:59.618 ERROR [main][Sender] unable to send message='moshiour again says hello'
org.springframework.kafka.core.KafkaProducerException: Failed to send; nested exception is org.apache.kafka.common.errors.TimeoutException: Failed to update metadata after 5000 ms.
	at org.springframework.kafka.core.KafkaTemplate$1.onCompletion(KafkaTemplate.java:226)
	at org.apache.kafka.clients.producer.KafkaProducer.doSend(KafkaProducer.java:479)
	at org.apache.kafka.clients.producer.KafkaProducer.send(KafkaProducer.java:430)
	at org.springframework.kafka.core.DefaultKafkaProducerFactory$CloseSafeProducer.send(DefaultKafkaProducerFactory.java:156)
	at org.springframework.kafka.core.KafkaTemplate.doSend(KafkaTemplate.java:213)
	at org.springframework.kafka.core.KafkaTemplate.send(KafkaTemplate.java:153)
	at org.moshiour.producer.Sender.sendMessage(Sender.java:29)
	at org.moshiour.AllicationLoader.run(AllicationLoader.java:25)
	at org.springframework.boot.SpringApplication.callRunner(SpringApplication.java:801)
	at org.springframework.boot.SpringApplication.callRunners(SpringApplication.java:785)
	at org.springframework.boot.SpringApplication.afterRefresh(SpringApplication.java:772)
	at org.springframework.boot.SpringApplication.run(SpringApplication.java:317)
	at org.springframework.boot.SpringApplication.run(SpringApplication.java:1187)
	at org.springframework.boot.SpringApplication.run(SpringApplication.java:1176)
	at org.moshiour.KafkaSpringApplication.main(KafkaSpringApplication.java:14)
	at sun.reflect.NativeMethodAccessorImpl.invoke0(Native Method)
	at sun.reflect.NativeMethodAccessorImpl.invoke(NativeMethodAccessorImpl.java:62)
	at sun.reflect.DelegatingMethodAccessorImpl.invoke(DelegatingMethodAccessorImpl.java:43)
	at java.lang.reflect.Method.invoke(Method.java:498)
	at com.intellij.rt.execution.application.AppMain.main(AppMain.java:147)
Caused by: org.apache.kafka.common.errors.TimeoutException: Failed to update metadata after 5000 ms.
15:47:24.618 WARN  [kafka-producer-network-thread | producer-1][NetworkClient] Bootstrap broker localhost:9092 disconnected
15:47:29.775 WARN  [org.springframework.kafka.KafkaListenerEndpointContainer#0-0-kafka-consumer-1][NetworkClient] Bootstrap broker localhost:9092 disconnected
15:48:02.925 WARN  [org.springframework.kafka.KafkaListenerEndpointContainer#0-0-kafka-consumer-1][NetworkClient] Bootstrap broker localhost:9092 disconnected
15:48:02.925 WARN  [kafka-producer-network-thread | producer-1][NetworkClient] Bootstrap broker localhost:9092 disconnected
15:48:36.907 WARN  [kafka-producer-network-thread | producer-1][NetworkClient] Error while fetching metadata with correlation id 2 : {helloworld.t=UNKNOWN}
15:48:36.908 WARN  [org.springframework.kafka.KafkaListenerEndpointContainer#0-0-kafka-consumer-1][NetworkClient] Error while fetching metadata with correlation id 3 : {helloworld.t=UNKNOWN}
15:48:37.127 WARN  [kafka-producer-network-thread | producer-1][NetworkClient] Error while fetching metadata with correlation id 3 : {helloworld.t=LEADER_NOT_AVAILABLE}
15:48:37.151 WARN  [org.springframework.kafka.KafkaListenerEndpointContainer#0-0-kafka-consumer-1][NetworkClient] Error while fetching metadata with correlation id 4 : {helloworld.t=LEADER_NOT_AVAILABLE}
15:48:37.519 WARN  [org.springframework.kafka.KafkaListenerEndpointContainer#0-0-kafka-consumer-1][NetworkClient] Error while fetching metadata with correlation id 6 : {helloworld.t=LEADER_NOT_AVAILABLE}
15:48:37.660 WARN  [org.springframework.kafka.KafkaListenerEndpointContainer#0-0-kafka-consumer-1][NetworkClient] Error while fetching metadata with correlation id 8 : {helloworld.t=LEADER_NOT_AVAILABLE}
15:48:37.780 WARN  [org.springframework.kafka.KafkaListenerEndpointContainer#0-0-kafka-consumer-1][NetworkClient] Error while fetching metadata with correlation id 10 : {helloworld.t=LEADER_NOT_AVAILABLE}
15:50:56.342 WARN  [kafka-producer-network-thread | producer-1][NetworkClient] Error while fetching metadata with correlation id 4 : {helloworld.t=UNKNOWN}
15:50:56.390 WARN  [org.springframework.kafka.KafkaListenerEndpointContainer#0-0-kafka-consumer-1][NetworkClient] Error while fetching metadata with correlation id 878 : {helloworld.t=UNKNOWN}
15:50:56.484 WARN  [kafka-producer-network-thread | producer-1][NetworkClient] Error while fetching metadata with correlation id 5 : {helloworld.t=LEADER_NOT_AVAILABLE}
15:50:56.499 WARN  [org.springframework.kafka.KafkaListenerEndpointContainer#0-0-kafka-consumer-1][NetworkClient] Error while fetching metadata with correlation id 879 : {helloworld.t=LEADER_NOT_AVAILABLE}
15:50:56.613 INFO  [org.springframework.kafka.KafkaListenerEndpointContainer#0-0-kafka-consumer-1][KafkaMessageListenerContainer] partitions revoked:[]
15:50:59.692 INFO  [org.springframework.kafka.KafkaListenerEndpointContainer#0-0-kafka-consumer-1][KafkaMessageListenerContainer] partitions assigned:[helloworld.t-0]
15:51:19.675 INFO  [main][AnnotationConfigApplicationContext] Refreshing org.springframework.context.annotation.AnnotationConfigApplicationContext@d2de489: startup date [Sat Jan 28 15:51:19 BDT 2017]; root of context hierarchy
15:51:21.293 INFO  [main][PostProcessorRegistrationDelegate$BeanPostProcessorChecker] Bean 'org.springframework.kafka.annotation.KafkaBootstrapConfiguration' of type [class org.springframework.kafka.annotation.KafkaBootstrapConfiguration$$EnhancerBySpringCGLIB$$25928018] is not eligible for getting processed by all BeanPostProcessors (for example: not eligible for auto-proxying)
15:51:21.992 INFO  [main][AnnotationMBeanExporter] Registering beans for JMX exposure on startup
15:51:21.997 INFO  [main][DefaultLifecycleProcessor] Starting beans in phase 0
15:51:22.442 INFO  [org.springframework.kafka.KafkaListenerEndpointContainer#0-0-kafka-consumer-1][KafkaMessageListenerContainer] partitions revoked:[]
15:52:59.427 INFO  [main][AnnotationConfigApplicationContext] Refreshing org.springframework.context.annotation.AnnotationConfigApplicationContext@66ea810: startup date [Sat Jan 28 15:52:59 BDT 2017]; root of context hierarchy
15:53:02.212 INFO  [main][PostProcessorRegistrationDelegate$BeanPostProcessorChecker] Bean 'org.springframework.kafka.annotation.KafkaBootstrapConfiguration' of type [class org.springframework.kafka.annotation.KafkaBootstrapConfiguration$$EnhancerBySpringCGLIB$$df7ab121] is not eligible for getting processed by all BeanPostProcessors (for example: not eligible for auto-proxying)
15:53:02.916 INFO  [main][AnnotationMBeanExporter] Registering beans for JMX exposure on startup
15:53:02.925 INFO  [main][DefaultLifecycleProcessor] Starting beans in phase 0
15:53:03.388 INFO  [org.springframework.kafka.KafkaListenerEndpointContainer#0-0-kafka-consumer-1][KafkaMessageListenerContainer] partitions revoked:[]
15:53:59.149 INFO  [main][AnnotationConfigApplicationContext] Refreshing org.springframework.context.annotation.AnnotationConfigApplicationContext@11392934: startup date [Sat Jan 28 15:53:59 BDT 2017]; root of context hierarchy
15:54:01.251 INFO  [main][PostProcessorRegistrationDelegate$BeanPostProcessorChecker] Bean 'org.springframework.kafka.annotation.KafkaBootstrapConfiguration' of type [class org.springframework.kafka.annotation.KafkaBootstrapConfiguration$$EnhancerBySpringCGLIB$$398a51c7] is not eligible for getting processed by all BeanPostProcessors (for example: not eligible for auto-proxying)
15:54:01.740 INFO  [main][AnnotationMBeanExporter] Registering beans for JMX exposure on startup
15:54:01.745 INFO  [main][DefaultLifecycleProcessor] Starting beans in phase 0
15:54:02.248 INFO  [org.springframework.kafka.KafkaListenerEndpointContainer#0-0-kafka-consumer-1][KafkaMessageListenerContainer] partitions revoked:[]
15:54:49.202 INFO  [main][AnnotationConfigApplicationContext] Refreshing org.springframework.context.annotation.AnnotationConfigApplicationContext@11392934: startup date [Sat Jan 28 15:54:49 BDT 2017]; root of context hierarchy
15:54:50.952 INFO  [main][PostProcessorRegistrationDelegate$BeanPostProcessorChecker] Bean 'org.springframework.kafka.annotation.KafkaBootstrapConfiguration' of type [class org.springframework.kafka.annotation.KafkaBootstrapConfiguration$$EnhancerBySpringCGLIB$$3578278] is not eligible for getting processed by all BeanPostProcessors (for example: not eligible for auto-proxying)
15:54:51.568 INFO  [main][AnnotationMBeanExporter] Registering beans for JMX exposure on startup
15:54:51.573 INFO  [main][DefaultLifecycleProcessor] Starting beans in phase 0
15:54:52.016 INFO  [org.springframework.kafka.KafkaListenerEndpointContainer#0-0-kafka-consumer-1][KafkaMessageListenerContainer] partitions revoked:[]
15:56:01.852 INFO  [main][AnnotationConfigApplicationContext] Refreshing org.springframework.context.annotation.AnnotationConfigApplicationContext@1ed4ae0f: startup date [Sat Jan 28 15:56:01 BDT 2017]; root of context hierarchy
15:56:03.923 INFO  [main][PostProcessorRegistrationDelegate$BeanPostProcessorChecker] Bean 'org.springframework.kafka.annotation.KafkaBootstrapConfiguration' of type [class org.springframework.kafka.annotation.KafkaBootstrapConfiguration$$EnhancerBySpringCGLIB$$398a51c7] is not eligible for getting processed by all BeanPostProcessors (for example: not eligible for auto-proxying)
15:56:04.451 INFO  [main][AnnotationMBeanExporter] Registering beans for JMX exposure on startup
15:56:04.458 INFO  [main][DefaultLifecycleProcessor] Starting beans in phase 0
15:56:09.778 ERROR [main][LoggingProducerListener] Exception thrown when sending a message with key='null' and payload='moshiur sends greeting' to topic helloworld.t:
org.apache.kafka.common.errors.TimeoutException: Failed to update metadata after 5000 ms.
15:56:09.783 ERROR [main][Sender] unable to send message='moshiur sends greeting'
org.springframework.kafka.core.KafkaProducerException: Failed to send; nested exception is org.apache.kafka.common.errors.TimeoutException: Failed to update metadata after 5000 ms.
	at org.springframework.kafka.core.KafkaTemplate$1.onCompletion(KafkaTemplate.java:226)
	at org.apache.kafka.clients.producer.KafkaProducer.doSend(KafkaProducer.java:479)
	at org.apache.kafka.clients.producer.KafkaProducer.send(KafkaProducer.java:430)
	at org.springframework.kafka.core.DefaultKafkaProducerFactory$CloseSafeProducer.send(DefaultKafkaProducerFactory.java:156)
	at org.springframework.kafka.core.KafkaTemplate.doSend(KafkaTemplate.java:213)
	at org.springframework.kafka.core.KafkaTemplate.send(KafkaTemplate.java:153)
	at org.moshiour.producer.Sender.sendMessage(Sender.java:29)
	at org.moshiour.AllicationLoader.run(AllicationLoader.java:24)
	at org.springframework.boot.SpringApplication.callRunner(SpringApplication.java:801)
	at org.springframework.boot.SpringApplication.callRunners(SpringApplication.java:785)
	at org.springframework.boot.SpringApplication.afterRefresh(SpringApplication.java:772)
	at org.springframework.boot.SpringApplication.run(SpringApplication.java:317)
	at org.springframework.boot.SpringApplication.run(SpringApplication.java:1187)
	at org.springframework.boot.SpringApplication.run(SpringApplication.java:1176)
	at org.moshiour.KafkaSpringApplication.main(KafkaSpringApplication.java:14)
Caused by: org.apache.kafka.common.errors.TimeoutException: Failed to update metadata after 5000 ms.
15:56:14.789 ERROR [main][LoggingProducerListener] Exception thrown when sending a message with key='null' and payload='moshiour again says hello' to topic helloworld.t:
org.apache.kafka.common.errors.TimeoutException: Failed to update metadata after 5000 ms.
15:56:14.789 ERROR [main][Sender] unable to send message='moshiour again says hello'
org.springframework.kafka.core.KafkaProducerException: Failed to send; nested exception is org.apache.kafka.common.errors.TimeoutException: Failed to update metadata after 5000 ms.
	at org.springframework.kafka.core.KafkaTemplate$1.onCompletion(KafkaTemplate.java:226)
	at org.apache.kafka.clients.producer.KafkaProducer.doSend(KafkaProducer.java:479)
	at org.apache.kafka.clients.producer.KafkaProducer.send(KafkaProducer.java:430)
	at org.springframework.kafka.core.DefaultKafkaProducerFactory$CloseSafeProducer.send(DefaultKafkaProducerFactory.java:156)
	at org.springframework.kafka.core.KafkaTemplate.doSend(KafkaTemplate.java:213)
	at org.springframework.kafka.core.KafkaTemplate.send(KafkaTemplate.java:153)
	at org.moshiour.producer.Sender.sendMessage(Sender.java:29)
	at org.moshiour.AllicationLoader.run(AllicationLoader.java:25)
	at org.springframework.boot.SpringApplication.callRunner(SpringApplication.java:801)
	at org.springframework.boot.SpringApplication.callRunners(SpringApplication.java:785)
	at org.springframework.boot.SpringApplication.afterRefresh(SpringApplication.java:772)
	at org.springframework.boot.SpringApplication.run(SpringApplication.java:317)
	at org.springframework.boot.SpringApplication.run(SpringApplication.java:1187)
	at org.springframework.boot.SpringApplication.run(SpringApplication.java:1176)
	at org.moshiour.KafkaSpringApplication.main(KafkaSpringApplication.java:14)
Caused by: org.apache.kafka.common.errors.TimeoutException: Failed to update metadata after 5000 ms.
15:56:19.791 ERROR [main][LoggingProducerListener] Exception thrown when sending a message with key='null' and payload='nasrin akter again says hello' to topic helloworld.t:
org.apache.kafka.common.errors.TimeoutException: Failed to update metadata after 5000 ms.
15:56:19.792 ERROR [main][Sender] unable to send message='nasrin akter again says hello'
org.springframework.kafka.core.KafkaProducerException: Failed to send; nested exception is org.apache.kafka.common.errors.TimeoutException: Failed to update metadata after 5000 ms.
	at org.springframework.kafka.core.KafkaTemplate$1.onCompletion(KafkaTemplate.java:226)
	at org.apache.kafka.clients.producer.KafkaProducer.doSend(KafkaProducer.java:479)
	at org.apache.kafka.clients.producer.KafkaProducer.send(KafkaProducer.java:430)
	at org.springframework.kafka.core.DefaultKafkaProducerFactory$CloseSafeProducer.send(DefaultKafkaProducerFactory.java:156)
	at org.springframework.kafka.core.KafkaTemplate.doSend(KafkaTemplate.java:213)
	at org.springframework.kafka.core.KafkaTemplate.send(KafkaTemplate.java:153)
	at org.moshiour.producer.Sender.sendMessage(Sender.java:29)
	at org.moshiour.AllicationLoader.run(AllicationLoader.java:26)
	at org.springframework.boot.SpringApplication.callRunner(SpringApplication.java:801)
	at org.springframework.boot.SpringApplication.callRunners(SpringApplication.java:785)
	at org.springframework.boot.SpringApplication.afterRefresh(SpringApplication.java:772)
	at org.springframework.boot.SpringApplication.run(SpringApplication.java:317)
	at org.springframework.boot.SpringApplication.run(SpringApplication.java:1187)
	at org.springframework.boot.SpringApplication.run(SpringApplication.java:1176)
	at org.moshiour.KafkaSpringApplication.main(KafkaSpringApplication.java:14)
Caused by: org.apache.kafka.common.errors.TimeoutException: Failed to update metadata after 5000 ms.
15:56:24.793 ERROR [main][LoggingProducerListener] Exception thrown when sending a message with key='null' and payload='meem again says hello' to topic helloworld.t:
org.apache.kafka.common.errors.TimeoutException: Failed to update metadata after 5000 ms.
15:56:24.793 ERROR [main][Sender] unable to send message='meem again says hello'
org.springframework.kafka.core.KafkaProducerException: Failed to send; nested exception is org.apache.kafka.common.errors.TimeoutException: Failed to update metadata after 5000 ms.
	at org.springframework.kafka.core.KafkaTemplate$1.onCompletion(KafkaTemplate.java:226)
	at org.apache.kafka.clients.producer.KafkaProducer.doSend(KafkaProducer.java:479)
	at org.apache.kafka.clients.producer.KafkaProducer.send(KafkaProducer.java:430)
	at org.springframework.kafka.core.DefaultKafkaProducerFactory$CloseSafeProducer.send(DefaultKafkaProducerFactory.java:156)
	at org.springframework.kafka.core.KafkaTemplate.doSend(KafkaTemplate.java:213)
	at org.springframework.kafka.core.KafkaTemplate.send(KafkaTemplate.java:153)
	at org.moshiour.producer.Sender.sendMessage(Sender.java:29)
	at org.moshiour.AllicationLoader.run(AllicationLoader.java:27)
	at org.springframework.boot.SpringApplication.callRunner(SpringApplication.java:801)
	at org.springframework.boot.SpringApplication.callRunners(SpringApplication.java:785)
	at org.springframework.boot.SpringApplication.afterRefresh(SpringApplication.java:772)
	at org.springframework.boot.SpringApplication.run(SpringApplication.java:317)
	at org.springframework.boot.SpringApplication.run(SpringApplication.java:1187)
	at org.springframework.boot.SpringApplication.run(SpringApplication.java:1176)
	at org.moshiour.KafkaSpringApplication.main(KafkaSpringApplication.java:14)
Caused by: org.apache.kafka.common.errors.TimeoutException: Failed to update metadata after 5000 ms.
15:58:05.992 WARN  [org.springframework.kafka.KafkaListenerEndpointContainer#0-0-kafka-consumer-1][NetworkClient] Bootstrap broker localhost:9092 disconnected
15:58:30.627 WARN  [org.springframework.kafka.KafkaListenerEndpointContainer#0-0-kafka-consumer-1][NetworkClient] Error while fetching metadata with correlation id 2 : {helloworld.t=UNKNOWN}
15:58:30.628 WARN  [kafka-producer-network-thread | producer-1][NetworkClient] Error while fetching metadata with correlation id 0 : {helloworld.t=UNKNOWN}
15:58:30.792 WARN  [org.springframework.kafka.KafkaListenerEndpointContainer#0-0-kafka-consumer-1][NetworkClient] Error while fetching metadata with correlation id 3 : {helloworld.t=LEADER_NOT_AVAILABLE}
15:58:30.792 WARN  [kafka-producer-network-thread | producer-1][NetworkClient] Error while fetching metadata with correlation id 1 : {helloworld.t=LEADER_NOT_AVAILABLE}
15:58:30.936 INFO  [org.springframework.kafka.KafkaListenerEndpointContainer#0-0-kafka-consumer-1][KafkaMessageListenerContainer] partitions revoked:[]
15:58:40.991 INFO  [main][AnnotationConfigApplicationContext] Refreshing org.springframework.context.annotation.AnnotationConfigApplicationContext@6cd24612: startup date [Sat Jan 28 15:58:40 BDT 2017]; root of context hierarchy
15:58:43.145 INFO  [main][PostProcessorRegistrationDelegate$BeanPostProcessorChecker] Bean 'org.springframework.kafka.annotation.KafkaBootstrapConfiguration' of type [class org.springframework.kafka.annotation.KafkaBootstrapConfiguration$$EnhancerBySpringCGLIB$$3e8eb503] is not eligible for getting processed by all BeanPostProcessors (for example: not eligible for auto-proxying)
15:58:43.662 INFO  [main][AnnotationMBeanExporter] Registering beans for JMX exposure on startup
15:58:43.667 INFO  [main][DefaultLifecycleProcessor] Starting beans in phase 0
15:58:44.097 INFO  [org.springframework.kafka.KafkaListenerEndpointContainer#0-0-kafka-consumer-1][KafkaMessageListenerContainer] partitions revoked:[]
15:59:40.979 INFO  [main][AnnotationConfigApplicationContext] Refreshing org.springframework.context.annotation.AnnotationConfigApplicationContext@5dafbe45: startup date [Sat Jan 28 15:59:40 BDT 2017]; root of context hierarchy
15:59:50.343 INFO  [main][SpringBootTestContextBootstrapper] Neither @ContextConfiguration nor @ContextHierarchy found for test class [org.moshiour.KafkaSpringApplicationTests], using SpringBootContextLoader
15:59:50.364 INFO  [main][AbstractContextLoader] Could not detect default resource locations for test class [org.moshiour.KafkaSpringApplicationTests]: no resource found for suffixes {-context.xml, Context.groovy}.
15:59:50.365 INFO  [main][AnnotationConfigContextLoaderUtils] Could not detect default configuration classes for test class [org.moshiour.KafkaSpringApplicationTests]: KafkaSpringApplicationTests does not declare any static, non-private, non-final, nested classes annotated with @Configuration.
15:59:50.780 INFO  [main][SpringBootTestContextBootstrapper] Found @SpringBootConfiguration org.moshiour.KafkaSpringApplication for test class org.moshiour.KafkaSpringApplicationTests
15:59:50.793 INFO  [main][SpringBootTestContextBootstrapper] Loaded default TestExecutionListener class names from location [META-INF/spring.factories]: [org.springframework.boot.test.mock.mockito.MockitoTestExecutionListener, org.springframework.boot.test.mock.mockito.ResetMocksTestExecutionListener, org.springframework.boot.test.autoconfigure.restdocs.RestDocsTestExecutionListener, org.springframework.boot.test.autoconfigure.web.client.MockRestServiceServerResetTestExecutionListener, org.springframework.boot.test.autoconfigure.web.servlet.MockMvcPrintOnlyOnFailureTestExecutionListener, org.springframework.boot.test.autoconfigure.web.servlet.WebDriverTestExecutionListener, org.springframework.test.context.web.ServletTestExecutionListener, org.springframework.test.context.support.DirtiesContextBeforeModesTestExecutionListener, org.springframework.test.context.support.DependencyInjectionTestExecutionListener, org.springframework.test.context.support.DirtiesContextTestExecutionListener, org.springframework.test.context.transaction.TransactionalTestExecutionListener, org.springframework.test.context.jdbc.SqlScriptsTestExecutionListener]
15:59:50.864 INFO  [main][SpringBootTestContextBootstrapper] Could not instantiate TestExecutionListener [org.springframework.test.context.web.ServletTestExecutionListener]. Specify custom listener classes or make the default listener classes (and their required dependencies) available. Offending class: [javax/servlet/ServletContext]
15:59:50.867 INFO  [main][SpringBootTestContextBootstrapper] Could not instantiate TestExecutionListener [org.springframework.test.context.transaction.TransactionalTestExecutionListener]. Specify custom listener classes or make the default listener classes (and their required dependencies) available. Offending class: [org/springframework/transaction/interceptor/TransactionAttributeSource]
15:59:50.878 INFO  [main][SpringBootTestContextBootstrapper] Could not instantiate TestExecutionListener [org.springframework.test.context.jdbc.SqlScriptsTestExecutionListener]. Specify custom listener classes or make the default listener classes (and their required dependencies) available. Offending class: [org/springframework/transaction/interceptor/TransactionAttribute]
15:59:50.879 INFO  [main][SpringBootTestContextBootstrapper] Using TestExecutionListeners: [org.springframework.test.context.support.DirtiesContextBeforeModesTestExecutionListener@60f00693, org.springframework.boot.test.autoconfigure.SpringBootDependencyInjectionTestExecutionListener@79207381, org.springframework.test.context.support.DirtiesContextTestExecutionListener@491b9b8, org.springframework.boot.test.autoconfigure.web.client.MockRestServiceServerResetTestExecutionListener@1a4927d6, org.springframework.boot.test.mock.mockito.ResetMocksTestExecutionListener@7a6d7e92, org.springframework.boot.test.autoconfigure.web.servlet.MockMvcPrintOnlyOnFailureTestExecutionListener@aba625, org.springframework.boot.test.autoconfigure.web.servlet.WebDriverTestExecutionListener@97e93f1, org.springframework.boot.test.mock.mockito.MockitoTestExecutionListener@5a5a729f, org.springframework.boot.test.autoconfigure.restdocs.RestDocsTestExecutionListener@4b520ea8]
15:59:52.129 INFO  [main][AnnotationConfigApplicationContext] Refreshing org.springframework.context.annotation.AnnotationConfigApplicationContext@5629510: startup date [Sat Jan 28 15:59:52 BDT 2017]; root of context hierarchy
15:59:53.655 INFO  [main][PostProcessorRegistrationDelegate$BeanPostProcessorChecker] Bean 'org.springframework.kafka.annotation.KafkaBootstrapConfiguration' of type [class org.springframework.kafka.annotation.KafkaBootstrapConfiguration$$EnhancerBySpringCGLIB$$5323348d] is not eligible for getting processed by all BeanPostProcessors (for example: not eligible for auto-proxying)
15:59:54.021 INFO  [main][DefaultLifecycleProcessor] Starting beans in phase 0
15:59:54.544 INFO  [org.springframework.kafka.KafkaListenerEndpointContainer#0-0-kafka-consumer-1][KafkaMessageListenerContainer] partitions revoked:[]
16:00:02.149 INFO  [org.springframework.kafka.KafkaListenerEndpointContainer#0-0-kafka-consumer-1][KafkaMessageListenerContainer] partitions assigned:[helloworld.t-0]
16:00:02.302 INFO  [Thread-1][AnnotationConfigApplicationContext] Closing org.springframework.context.annotation.AnnotationConfigApplicationContext@5629510: startup date [Sat Jan 28 15:59:52 BDT 2017]; root of context hierarchy
16:00:02.305 INFO  [Thread-1][DefaultLifecycleProcessor] Stopping beans in phase 0
16:00:03.254 INFO  [org.springframework.kafka.KafkaListenerEndpointContainer#0-0-kafka-consumer-1][KafkaMessageListenerContainer$ListenerConsumer] Consumer stopped
16:00:38.666 INFO  [main][SpringBootTestContextBootstrapper] Neither @ContextConfiguration nor @ContextHierarchy found for test class [org.moshiour.KafkaSpringApplicationTests], using SpringBootContextLoader
16:00:38.684 INFO  [main][AbstractContextLoader] Could not detect default resource locations for test class [org.moshiour.KafkaSpringApplicationTests]: no resource found for suffixes {-context.xml, Context.groovy}.
16:00:38.686 INFO  [main][AnnotationConfigContextLoaderUtils] Could not detect default configuration classes for test class [org.moshiour.KafkaSpringApplicationTests]: KafkaSpringApplicationTests does not declare any static, non-private, non-final, nested classes annotated with @Configuration.
16:00:38.974 INFO  [main][SpringBootTestContextBootstrapper] Found @SpringBootConfiguration org.moshiour.KafkaSpringApplication for test class org.moshiour.KafkaSpringApplicationTests
16:00:38.987 INFO  [main][SpringBootTestContextBootstrapper] Loaded default TestExecutionListener class names from location [META-INF/spring.factories]: [org.springframework.boot.test.mock.mockito.MockitoTestExecutionListener, org.springframework.boot.test.mock.mockito.ResetMocksTestExecutionListener, org.springframework.boot.test.autoconfigure.restdocs.RestDocsTestExecutionListener, org.springframework.boot.test.autoconfigure.web.client.MockRestServiceServerResetTestExecutionListener, org.springframework.boot.test.autoconfigure.web.servlet.MockMvcPrintOnlyOnFailureTestExecutionListener, org.springframework.boot.test.autoconfigure.web.servlet.WebDriverTestExecutionListener, org.springframework.test.context.web.ServletTestExecutionListener, org.springframework.test.context.support.DirtiesContextBeforeModesTestExecutionListener, org.springframework.test.context.support.DependencyInjectionTestExecutionListener, org.springframework.test.context.support.DirtiesContextTestExecutionListener, org.springframework.test.context.transaction.TransactionalTestExecutionListener, org.springframework.test.context.jdbc.SqlScriptsTestExecutionListener]
16:00:39.034 INFO  [main][SpringBootTestContextBootstrapper] Could not instantiate TestExecutionListener [org.springframework.test.context.web.ServletTestExecutionListener]. Specify custom listener classes or make the default listener classes (and their required dependencies) available. Offending class: [javax/servlet/ServletContext]
16:00:39.036 INFO  [main][SpringBootTestContextBootstrapper] Could not instantiate TestExecutionListener [org.springframework.test.context.transaction.TransactionalTestExecutionListener]. Specify custom listener classes or make the default listener classes (and their required dependencies) available. Offending class: [org/springframework/transaction/interceptor/TransactionAttributeSource]
16:00:39.042 INFO  [main][SpringBootTestContextBootstrapper] Could not instantiate TestExecutionListener [org.springframework.test.context.jdbc.SqlScriptsTestExecutionListener]. Specify custom listener classes or make the default listener classes (and their required dependencies) available. Offending class: [org/springframework/transaction/interceptor/TransactionAttribute]
16:00:39.042 INFO  [main][SpringBootTestContextBootstrapper] Using TestExecutionListeners: [org.springframework.test.context.support.DirtiesContextBeforeModesTestExecutionListener@60f00693, org.springframework.boot.test.autoconfigure.SpringBootDependencyInjectionTestExecutionListener@79207381, org.springframework.test.context.support.DirtiesContextTestExecutionListener@491b9b8, org.springframework.boot.test.autoconfigure.web.client.MockRestServiceServerResetTestExecutionListener@1a4927d6, org.springframework.boot.test.mock.mockito.ResetMocksTestExecutionListener@7a6d7e92, org.springframework.boot.test.autoconfigure.web.servlet.MockMvcPrintOnlyOnFailureTestExecutionListener@aba625, org.springframework.boot.test.autoconfigure.web.servlet.WebDriverTestExecutionListener@97e93f1, org.springframework.boot.test.mock.mockito.MockitoTestExecutionListener@5a5a729f, org.springframework.boot.test.autoconfigure.restdocs.RestDocsTestExecutionListener@4b520ea8]
16:00:40.519 INFO  [main][AnnotationConfigApplicationContext] Refreshing org.springframework.context.annotation.AnnotationConfigApplicationContext@5629510: startup date [Sat Jan 28 16:00:40 BDT 2017]; root of context hierarchy
16:00:41.984 INFO  [main][PostProcessorRegistrationDelegate$BeanPostProcessorChecker] Bean 'org.springframework.kafka.annotation.KafkaBootstrapConfiguration' of type [class org.springframework.kafka.annotation.KafkaBootstrapConfiguration$$EnhancerBySpringCGLIB$$8390c94c] is not eligible for getting processed by all BeanPostProcessors (for example: not eligible for auto-proxying)
16:00:42.342 INFO  [main][DefaultLifecycleProcessor] Starting beans in phase 0
16:00:42.876 INFO  [org.springframework.kafka.KafkaListenerEndpointContainer#0-0-kafka-consumer-1][KafkaMessageListenerContainer] partitions revoked:[]
16:00:42.951 INFO  [org.springframework.kafka.KafkaListenerEndpointContainer#0-0-kafka-consumer-1][KafkaMessageListenerContainer] partitions assigned:[helloworld.t-0]
16:00:43.228 INFO  [Thread-1][AnnotationConfigApplicationContext] Closing org.springframework.context.annotation.AnnotationConfigApplicationContext@5629510: startup date [Sat Jan 28 16:00:40 BDT 2017]; root of context hierarchy
16:00:43.236 INFO  [Thread-1][DefaultLifecycleProcessor] Stopping beans in phase 0
16:00:44.085 INFO  [org.springframework.kafka.KafkaListenerEndpointContainer#0-0-kafka-consumer-1][KafkaMessageListenerContainer$ListenerConsumer] Consumer stopped
16:01:25.994 INFO  [main][SpringBootTestContextBootstrapper] Neither @ContextConfiguration nor @ContextHierarchy found for test class [org.moshiour.KafkaSpringApplicationTests], using SpringBootContextLoader
16:01:26.006 INFO  [main][AbstractContextLoader] Could not detect default resource locations for test class [org.moshiour.KafkaSpringApplicationTests]: no resource found for suffixes {-context.xml, Context.groovy}.
16:01:26.008 INFO  [main][AnnotationConfigContextLoaderUtils] Could not detect default configuration classes for test class [org.moshiour.KafkaSpringApplicationTests]: KafkaSpringApplicationTests does not declare any static, non-private, non-final, nested classes annotated with @Configuration.
16:01:26.324 INFO  [main][SpringBootTestContextBootstrapper] Found @SpringBootConfiguration org.moshiour.KafkaSpringApplication for test class org.moshiour.KafkaSpringApplicationTests
16:01:26.343 INFO  [main][SpringBootTestContextBootstrapper] Loaded default TestExecutionListener class names from location [META-INF/spring.factories]: [org.springframework.boot.test.mock.mockito.MockitoTestExecutionListener, org.springframework.boot.test.mock.mockito.ResetMocksTestExecutionListener, org.springframework.boot.test.autoconfigure.restdocs.RestDocsTestExecutionListener, org.springframework.boot.test.autoconfigure.web.client.MockRestServiceServerResetTestExecutionListener, org.springframework.boot.test.autoconfigure.web.servlet.MockMvcPrintOnlyOnFailureTestExecutionListener, org.springframework.boot.test.autoconfigure.web.servlet.WebDriverTestExecutionListener, org.springframework.test.context.web.ServletTestExecutionListener, org.springframework.test.context.support.DirtiesContextBeforeModesTestExecutionListener, org.springframework.test.context.support.DependencyInjectionTestExecutionListener, org.springframework.test.context.support.DirtiesContextTestExecutionListener, org.springframework.test.context.transaction.TransactionalTestExecutionListener, org.springframework.test.context.jdbc.SqlScriptsTestExecutionListener]
16:01:26.377 INFO  [main][SpringBootTestContextBootstrapper] Could not instantiate TestExecutionListener [org.springframework.test.context.web.ServletTestExecutionListener]. Specify custom listener classes or make the default listener classes (and their required dependencies) available. Offending class: [javax/servlet/ServletContext]
16:01:26.378 INFO  [main][SpringBootTestContextBootstrapper] Could not instantiate TestExecutionListener [org.springframework.test.context.transaction.TransactionalTestExecutionListener]. Specify custom listener classes or make the default listener classes (and their required dependencies) available. Offending class: [org/springframework/transaction/interceptor/TransactionAttributeSource]
16:01:26.381 INFO  [main][SpringBootTestContextBootstrapper] Could not instantiate TestExecutionListener [org.springframework.test.context.jdbc.SqlScriptsTestExecutionListener]. Specify custom listener classes or make the default listener classes (and their required dependencies) available. Offending class: [org/springframework/transaction/interceptor/TransactionAttribute]
16:01:26.382 INFO  [main][SpringBootTestContextBootstrapper] Using TestExecutionListeners: [org.springframework.test.context.support.DirtiesContextBeforeModesTestExecutionListener@60f00693, org.springframework.boot.test.autoconfigure.SpringBootDependencyInjectionTestExecutionListener@79207381, org.springframework.test.context.support.DirtiesContextTestExecutionListener@491b9b8, org.springframework.boot.test.autoconfigure.web.client.MockRestServiceServerResetTestExecutionListener@1a4927d6, org.springframework.boot.test.mock.mockito.ResetMocksTestExecutionListener@7a6d7e92, org.springframework.boot.test.autoconfigure.web.servlet.MockMvcPrintOnlyOnFailureTestExecutionListener@aba625, org.springframework.boot.test.autoconfigure.web.servlet.WebDriverTestExecutionListener@97e93f1, org.springframework.boot.test.mock.mockito.MockitoTestExecutionListener@5a5a729f, org.springframework.boot.test.autoconfigure.restdocs.RestDocsTestExecutionListener@4b520ea8]
16:01:27.965 INFO  [main][AnnotationConfigApplicationContext] Refreshing org.springframework.context.annotation.AnnotationConfigApplicationContext@4df5bcb4: startup date [Sat Jan 28 16:01:27 BDT 2017]; root of context hierarchy
16:01:29.666 INFO  [main][PostProcessorRegistrationDelegate$BeanPostProcessorChecker] Bean 'org.springframework.kafka.annotation.KafkaBootstrapConfiguration' of type [class org.springframework.kafka.annotation.KafkaBootstrapConfiguration$$EnhancerBySpringCGLIB$$49ef433e] is not eligible for getting processed by all BeanPostProcessors (for example: not eligible for auto-proxying)
16:01:30.114 INFO  [main][DefaultLifecycleProcessor] Starting beans in phase 0
16:01:30.672 INFO  [org.springframework.kafka.KafkaListenerEndpointContainer#0-0-kafka-consumer-1][KafkaMessageListenerContainer] partitions revoked:[]
16:01:30.734 INFO  [org.springframework.kafka.KafkaListenerEndpointContainer#0-0-kafka-consumer-1][KafkaMessageListenerContainer] partitions assigned:[helloworld.t-0]
16:01:31.050 INFO  [Thread-1][AnnotationConfigApplicationContext] Closing org.springframework.context.annotation.AnnotationConfigApplicationContext@4df5bcb4: startup date [Sat Jan 28 16:01:27 BDT 2017]; root of context hierarchy
16:01:31.056 INFO  [Thread-1][DefaultLifecycleProcessor] Stopping beans in phase 0
16:01:31.909 INFO  [org.springframework.kafka.KafkaListenerEndpointContainer#0-0-kafka-consumer-1][KafkaMessageListenerContainer$ListenerConsumer] Consumer stopped
16:01:47.846 INFO  [main][SpringBootTestContextBootstrapper] Neither @ContextConfiguration nor @ContextHierarchy found for test class [org.moshiour.KafkaSpringApplicationTests], using SpringBootContextLoader
16:01:47.862 INFO  [main][AbstractContextLoader] Could not detect default resource locations for test class [org.moshiour.KafkaSpringApplicationTests]: no resource found for suffixes {-context.xml, Context.groovy}.
16:01:47.865 INFO  [main][AnnotationConfigContextLoaderUtils] Could not detect default configuration classes for test class [org.moshiour.KafkaSpringApplicationTests]: KafkaSpringApplicationTests does not declare any static, non-private, non-final, nested classes annotated with @Configuration.
16:01:48.107 INFO  [main][SpringBootTestContextBootstrapper] Found @SpringBootConfiguration org.moshiour.KafkaSpringApplication for test class org.moshiour.KafkaSpringApplicationTests
16:01:48.122 INFO  [main][SpringBootTestContextBootstrapper] Loaded default TestExecutionListener class names from location [META-INF/spring.factories]: [org.springframework.boot.test.mock.mockito.MockitoTestExecutionListener, org.springframework.boot.test.mock.mockito.ResetMocksTestExecutionListener, org.springframework.boot.test.autoconfigure.restdocs.RestDocsTestExecutionListener, org.springframework.boot.test.autoconfigure.web.client.MockRestServiceServerResetTestExecutionListener, org.springframework.boot.test.autoconfigure.web.servlet.MockMvcPrintOnlyOnFailureTestExecutionListener, org.springframework.boot.test.autoconfigure.web.servlet.WebDriverTestExecutionListener, org.springframework.test.context.web.ServletTestExecutionListener, org.springframework.test.context.support.DirtiesContextBeforeModesTestExecutionListener, org.springframework.test.context.support.DependencyInjectionTestExecutionListener, org.springframework.test.context.support.DirtiesContextTestExecutionListener, org.springframework.test.context.transaction.TransactionalTestExecutionListener, org.springframework.test.context.jdbc.SqlScriptsTestExecutionListener]
16:01:48.160 INFO  [main][SpringBootTestContextBootstrapper] Could not instantiate TestExecutionListener [org.springframework.test.context.web.ServletTestExecutionListener]. Specify custom listener classes or make the default listener classes (and their required dependencies) available. Offending class: [javax/servlet/ServletContext]
16:01:48.162 INFO  [main][SpringBootTestContextBootstrapper] Could not instantiate TestExecutionListener [org.springframework.test.context.transaction.TransactionalTestExecutionListener]. Specify custom listener classes or make the default listener classes (and their required dependencies) available. Offending class: [org/springframework/transaction/interceptor/TransactionAttributeSource]
16:01:48.165 INFO  [main][SpringBootTestContextBootstrapper] Could not instantiate TestExecutionListener [org.springframework.test.context.jdbc.SqlScriptsTestExecutionListener]. Specify custom listener classes or make the default listener classes (and their required dependencies) available. Offending class: [org/springframework/transaction/interceptor/TransactionAttribute]
16:01:48.166 INFO  [main][SpringBootTestContextBootstrapper] Using TestExecutionListeners: [org.springframework.test.context.support.DirtiesContextBeforeModesTestExecutionListener@60f00693, org.springframework.boot.test.autoconfigure.SpringBootDependencyInjectionTestExecutionListener@79207381, org.springframework.test.context.support.DirtiesContextTestExecutionListener@491b9b8, org.springframework.boot.test.autoconfigure.web.client.MockRestServiceServerResetTestExecutionListener@1a4927d6, org.springframework.boot.test.mock.mockito.ResetMocksTestExecutionListener@7a6d7e92, org.springframework.boot.test.autoconfigure.web.servlet.MockMvcPrintOnlyOnFailureTestExecutionListener@aba625, org.springframework.boot.test.autoconfigure.web.servlet.WebDriverTestExecutionListener@97e93f1, org.springframework.boot.test.mock.mockito.MockitoTestExecutionListener@5a5a729f, org.springframework.boot.test.autoconfigure.restdocs.RestDocsTestExecutionListener@4b520ea8]
16:01:49.533 INFO  [main][AnnotationConfigApplicationContext] Refreshing org.springframework.context.annotation.AnnotationConfigApplicationContext@4df5bcb4: startup date [Sat Jan 28 16:01:49 BDT 2017]; root of context hierarchy
16:01:51.075 INFO  [main][PostProcessorRegistrationDelegate$BeanPostProcessorChecker] Bean 'org.springframework.kafka.annotation.KafkaBootstrapConfiguration' of type [class org.springframework.kafka.annotation.KafkaBootstrapConfiguration$$EnhancerBySpringCGLIB$$4d58e796] is not eligible for getting processed by all BeanPostProcessors (for example: not eligible for auto-proxying)
16:01:51.450 INFO  [main][DefaultLifecycleProcessor] Starting beans in phase 0
16:01:52.064 INFO  [org.springframework.kafka.KafkaListenerEndpointContainer#0-0-kafka-consumer-1][KafkaMessageListenerContainer] partitions revoked:[]
16:01:52.129 INFO  [org.springframework.kafka.KafkaListenerEndpointContainer#0-0-kafka-consumer-1][KafkaMessageListenerContainer] partitions assigned:[helloworld.t-0]
16:01:52.410 INFO  [Thread-1][AnnotationConfigApplicationContext] Closing org.springframework.context.annotation.AnnotationConfigApplicationContext@4df5bcb4: startup date [Sat Jan 28 16:01:49 BDT 2017]; root of context hierarchy
16:01:52.413 INFO  [Thread-1][DefaultLifecycleProcessor] Stopping beans in phase 0
16:01:53.304 INFO  [org.springframework.kafka.KafkaListenerEndpointContainer#0-0-kafka-consumer-1][KafkaMessageListenerContainer$ListenerConsumer] Consumer stopped
